[debug] [2024-02-20T20:16:56.064Z] ----------------------------------------------------------------------
[debug] [2024-02-20T20:16:56.067Z] Command:       /usr/bin/node /usr/bin/firebase init
[debug] [2024-02-20T20:16:56.067Z] CLI Version:   13.0.3
[debug] [2024-02-20T20:16:56.068Z] Platform:      linux
[debug] [2024-02-20T20:16:56.068Z] Node Version:  v18.19.1
[debug] [2024-02-20T20:16:56.069Z] Time:          Tue Feb 20 2024 21:16:56 GMT+0100 (West Africa Standard Time)
[debug] [2024-02-20T20:16:56.069Z] ----------------------------------------------------------------------
[debug] 
[debug] [2024-02-20T20:16:56.076Z] > command requires scopes: ["email","openid","https://www.googleapis.com/auth/cloudplatformprojects.readonly","https://www.googleapis.com/auth/firebase","https://www.googleapis.com/auth/cloud-platform"]
[debug] [2024-02-20T20:16:56.077Z] > authorizing via signed-in user (katakugermain@gmail.com)
[info] 
     ######## #### ########  ######## ########     ###     ######  ########
     ##        ##  ##     ## ##       ##     ##  ##   ##  ##       ##
     ######    ##  ########  ######   ########  #########  ######  ######
     ##        ##  ##    ##  ##       ##     ## ##     ##       ## ##
     ##       #### ##     ## ######## ########  ##     ##  ######  ########

You're about to initialize a Firebase project in this directory:

  /home/eventdrc/Documents/DEV/ANGULAR/PROJECTS/ndakisa

[info] 
=== Project Setup
[info] 
[info] First, let's associate this project directory with a Firebase project.
[info] You can create multiple project aliases by running firebase use --add, 
[info] but for now we'll just set up a default project.
[info] 
[debug] [2024-02-20T20:17:05.058Z] >>> [apiv2][query] GET https://firebase.googleapis.com/v1beta1/projects pageSize=100
[debug] [2024-02-20T20:17:06.476Z] <<< [apiv2][status] GET https://firebase.googleapis.com/v1beta1/projects 200
[debug] [2024-02-20T20:17:06.476Z] <<< [apiv2][body] GET https://firebase.googleapis.com/v1beta1/projects [omitted]
[info] i  Using project ndakisa-01 (ndakisa-01) 
[info] 
=== Hosting Setup
[debug] [2024-02-20T20:17:14.308Z] >>> [apiv2][query] GET https://firebase.googleapis.com/v1beta1/projects/ndakisa-01 [none]
[debug] [2024-02-20T20:17:14.710Z] *** [apiv2] error from fetch(https://firebase.googleapis.com/v1beta1/projects/ndakisa-01, {"headers":{},"method":"GET","signal":{}}): FetchError: request to https://firebase.googleapis.com/v1beta1/projects/ndakisa-01 failed, reason: connect ENETUNREACH 2c0f:fb50:4002:802::200a:443 - Local (:::0)
[debug] [2024-02-20T20:17:14.711Z] Failed to make request to https://firebase.googleapis.com/v1beta1/projects/ndakisa-01 (original: request to https://firebase.googleapis.com/v1beta1/projects/ndakisa-01 failed, reason: connect ENETUNREACH 2c0f:fb50:4002:802::200a:443 - Local (:::0))
[debug] [2024-02-20T20:17:15.423Z] FirebaseError: Failed to make request to https://firebase.googleapis.com/v1beta1/projects/ndakisa-01
    at RetryOperation._fn (/usr/lib/node_modules/firebase-tools/lib/apiv2.js:246:31)
    at process.processTicksAndRejections (node:internal/process/task_queues:95:5)
[error] 
[error] Error: Failed to get Firebase project ndakisa-01. Please make sure the project exists and your account has permission to access it.
